1990-01-01T00:00:00 5 17
1990-01-01T06:37:42 8 0
1990-01-01T13:15:24 13 25
1990-01-01T19:53:06 27 26
1990-01-02T02:30:48 8 13
1990-01-02T09:08:30 19 17
1990-01-02T15:46:12 15 28
1990-01-02T22:23:54 2 3
1990-01-03T05:01:36 2 11
1990-01-03T11:39:18 5 14
1990-01-03T18:17:00 22 24
1990-01-04T00:54:42 4 15
1990-01-04T07:32:24 4 11
1990-01-04T14:10:06 2 19
1990-01-04T20:47:48 7 29
1990-01-05T03:25:30 12 2
1990-01-05T10:03:12 25 0
1990-01-05T16:40:54 29 28
1990-01-05T23:18:36 24 7
1990-01-06T05:56:18 12 17
1990-01-06T12:34:00 5 7
1990-01-06T19:11:42 14 20
1990-01-07T01:49:24 26 22
1990-01-07T08:27:06 24 12
1990-01-07T15:04:48 28 22
1990-01-07T21:42:30 29 21
1990-01-08T04:20:12 2 6
1990-01-08T10:57:54 18 21
1990-01-08T17:35:36 6 17
1990-01-09T00:13:18 4 18
1990-01-09T06:51:00 21 26
1990-01-09T13:28:42 15 25
1990-01-09T20:06:24 26 8
1990-01-10T02:44:06 16 25
1990-01-10T09:21:48 16 17
1990-01-10T15:59:30 0 27
1990-01-10T22:37:12 10 4
1990-01-11T05:14:54 11 14
1990-01-11T11:52:36 3 26
1990-01-11T18:30:18 9 23
1990-01-12T01:08:00 13 19
1990-01-12T07:45:42 26 4
1990-01-12T14:23:24 5 26
1990-01-12T21:01:06 23 28
1990-01-13T03:38:48 22 8
1990-01-13T10:16:30 1 27
1990-01-13T16:54:12 3 11
1990-01-13T23:31:54 10 25
1990-01-14T06:09:36 26 12
1990-01-14T12:47:18 18 24
1990-01-14T19:25:00 18 5
1990-01-15T02:02:42 0 7
1990-01-15T08:40:24 8 1
1990-01-15T15:18:06 9 29
1990-01-15T21:55:48 9 28
1990-01-16T04:33:30 27 13
1990-01-16T11:11:12 21 8
1990-01-16T17:48:54 3 2
1990-01-17T00:26:36 0 18
1990-01-17T07:04:18 13 21
1990-01-17T13:42:00 3 4
1990-01-17T20:19:42 8 19
1990-01-18T02:57:24 14 11
1990-01-18T09:35:06 4 17
1990-01-18T16:12:48 19 12
1990-01-18T22:50:30 23 29
1990-01-19T05:28:12 19 23
1990-01-19T12:05:54 11 18
1990-01-19T18:43:36 24 13
1990-01-20T01:21:18 12 27
1990-01-20T07:59:00 19 16
1990-01-20T14:36:42 3 7
1990-01-20T21:14:24 1 26
1990-01-21T03:52:06 2 15
1990-01-21T10:29:48 18 1
1990-01-21T17:07:30 12 20
1990-01-21T23:45:12 21 6
1990-01-22T06:22:54 3 19
1990-01-22T13:00:36 19 15
1990-01-22T19:38:18 8 3
1990-01-23T02:16:00 7 10
1990-01-23T08:53:42 6 15
1990-01-23T15:31:24 9 3
1990-01-23T22:09:06 6 20
1990-01-24T04:46:48 8 6
1990-01-24T11:24:30 26 20
1990-01-24T18:02:12 17 22
1990-01-25T00:39:54 10 2
1990-01-25T07:17:36 15 1
1990-01-25T13:55:18 26 21
1990-01-25T20:33:00 23 20
1990-01-26T03:10:42 16 26
1990-01-26T09:48:24 18 15
1990-01-26T16:26:06 21 10
1990-01-26T23:03:48 19 0
1990-01-27T05:41:30 7 3
1990-01-27T12:19:12 17 21
1990-01-27T18:56:54 11 7
1990-01-28T01:34:36 26 17
1990-01-28T08:12:18 0 24
1990-01-01T00:00:00 5 17
1990-01-01T06:37:42 8 0
1990-01-01T13:15:24 13 25
1990-01-01T19:53:06 27 26
1990-01-02T02:30:48 8 13
1990-01-02T09:08:30 19 17
1990-01-02T15:46:12 15 28
1990-01-02T22:23:54 2 3
1990-01-03T05:01:36 2 11
1990-01-03T11:39:18 5 14
1990-01-03T18:17:00 22 24
1990-01-04T00:54:42 4 15
1990-01-04T07:32:24 4 11
1990-01-04T14:10:06 2 19
1990-01-04T20:47:48 7 29
1990-01-05T03:25:30 12 2
1990-01-05T10:03:12 25 0
1990-01-05T16:40:54 29 28
1990-01-05T23:18:36 24 7
1990-01-06T05:56:18 12 17
1990-01-06T12:34:00 5 7
1990-01-06T19:11:42 14 20
1990-01-07T01:49:24 26 22
1990-01-07T08:27:06 24 12
1990-01-07T15:04:48 28 22
1990-01-07T21:42:30 29 21
1990-01-08T04:20:12 2 6
1990-01-08T10:57:54 18 21
1990-01-08T17:35:36 6 17
1990-01-09T00:13:18 4 18
1990-01-09T06:51:00 21 26
1990-01-09T13:28:42 15 25
1990-01-09T20:06:24 26 8
1990-01-10T02:44:06 16 25
1990-01-10T09:21:48 16 17
1990-01-10T15:59:30 0 27
1990-01-10T22:37:12 10 4
1990-01-11T05:14:54 11 14
1990-01-11T11:52:36 3 26
1990-01-11T18:30:18 9 23
1990-01-12T01:08:00 13 19
1990-01-12T07:45:42 26 4
1990-01-12T14:23:24 5 26
1990-01-12T21:01:06 23 28
1990-01-13T03:38:48 22 8
1990-01-13T10:16:30 1 27
1990-01-13T16:54:12 3 11
1990-01-13T23:31:54 10 25
1990-01-14T06:09:36 26 12
1990-01-14T12:47:18 18 24
1990-01-14T19:25:00 18 5
1990-01-15T02:02:42 0 7
1990-01-15T08:40:24 8 1
1990-01-15T15:18:06 9 29
1990-01-15T21:55:48 9 28
1990-01-16T04:33:30 27 13
1990-01-16T11:11:12 21 8
1990-01-16T17:48:54 3 2
1990-01-17T00:26:36 0 18
1990-01-17T07:04:18 13 21
1990-01-17T13:42:00 3 4
1990-01-17T20:19:42 8 19
1990-01-18T02:57:24 14 11
1990-01-18T09:35:06 4 17
1990-01-18T16:12:48 19 12
1990-01-18T22:50:30 23 29
1990-01-19T05:28:12 19 23
1990-01-19T12:05:54 11 18
1990-01-19T18:43:36 24 13
1990-01-20T01:21:18 12 27
1990-01-20T07:59:00 19 16
1990-01-20T14:36:42 3 7
1990-01-20T21:14:24 1 26
1990-01-21T03:52:06 2 15
1990-01-21T10:29:48 18 1
1990-01-21T17:07:30 12 20
1990-01-21T23:45:12 21 6
1990-01-22T06:22:54 3 19
1990-01-22T13:00:36 19 15
1990-01-22T19:38:18 8 3
1990-01-23T02:16:00 7 10
1990-01-23T08:53:42 6 15
1990-01-23T15:31:24 9 3
1990-01-23T22:09:06 6 20
1990-01-24T04:46:48 8 6
1990-01-24T11:24:30 26 20
1990-01-24T18:02:12 17 22
1990-01-25T00:39:54 10 2
1990-01-25T07:17:36 15 1
1990-01-25T13:55:18 26 21
1990-01-25T20:33:00 23 20
1990-01-26T03:10:42 16 26
1990-01-26T09:48:24 18 15
1990-01-26T16:26:06 21 10
1990-01-26T23:03:48 19 0
1990-01-27T05:41:30 7 3
1990-01-27T12:19:12 17 21
1990-01-27T18:56:54 11 7
1990-01-28T01:34:36 26 17
1990-01-28T08:12:18 0 24
